Analysis & Synthesis report for Breakout_Top
Mon Jan 19 04:21:25 2026
Quartus II 64-Bit Version 13.0.1 Build 232 06/12/2013 Service Pack 1 SJ Web Edition


---------------------
; Table of Contents ;
---------------------
  1. Legal Notice
  2. Analysis & Synthesis Summary
  3. Analysis & Synthesis Settings
  4. Parallel Compilation
  5. Analysis & Synthesis Source Files Read
  6. Analysis & Synthesis Resource Usage Summary
  7. Analysis & Synthesis Resource Utilization by Entity
  8. State Machine - |Breakout_Top|OLED_SPI_Controller:inst3|state
  9. Registers Removed During Synthesis
 10. Removed Registers Triggering Further Register Optimizations
 11. General Register Statistics
 12. Inverted Register Statistics
 13. Multiplexer Restructuring Statistics (Restructuring Performed)
 14. Parameter Settings for User Entity Instance: VGA_Sync:inst1
 15. Parameter Settings for Inferred Entity Instance: Game_Core:inst4|lpm_divide:Div1
 16. Parameter Settings for Inferred Entity Instance: Game_Core:inst4|lpm_divide:Mod0
 17. Parameter Settings for Inferred Entity Instance: Game_Core:inst4|lpm_divide:Div0
 18. Elapsed Time Per Partition
 19. Analysis & Synthesis Messages



----------------
; Legal Notice ;
----------------
Copyright (C) 1991-2013 Altera Corporation
Your use of Altera Corporation's design tools, logic functions 
and other software and tools, and its AMPP partner logic 
functions, and any output files from any of the foregoing 
(including device programming or simulation files), and any 
associated documentation or information are expressly subject 
to the terms and conditions of the Altera Program License 
Subscription Agreement, Altera MegaCore Function License 
Agreement, or other applicable license agreement, including, 
without limitation, that your use is for the sole purpose of 
programming logic devices manufactured by Altera and sold by 
Altera or its authorized distributors.  Please refer to the 
applicable agreement for further details.



+--------------------------------------------------------------------------------------+
; Analysis & Synthesis Summary                                                         ;
+------------------------------------+-------------------------------------------------+
; Analysis & Synthesis Status        ; Successful - Mon Jan 19 04:21:25 2026           ;
; Quartus II 64-Bit Version          ; 13.0.1 Build 232 06/12/2013 SP 1 SJ Web Edition ;
; Revision Name                      ; Breakout_Top                                    ;
; Top-level Entity Name              ; Breakout_Top                                    ;
; Family                             ; Cyclone II                                      ;
; Total logic elements               ; 2,221                                           ;
;     Total combinational functions  ; 2,194                                           ;
;     Dedicated logic registers      ; 262                                             ;
; Total registers                    ; 262                                             ;
; Total pins                         ; 23                                              ;
; Total virtual pins                 ; 0                                               ;
; Total memory bits                  ; 0                                               ;
; Embedded Multiplier 9-bit elements ; 0                                               ;
; Total PLLs                         ; 0                                               ;
+------------------------------------+-------------------------------------------------+


+----------------------------------------------------------------------------------------------------------------------+
; Analysis & Synthesis Settings                                                                                        ;
+----------------------------------------------------------------------------+--------------------+--------------------+
; Option                                                                     ; Setting            ; Default Value      ;
+----------------------------------------------------------------------------+--------------------+--------------------+
; Device                                                                     ; EP2C20F484C7       ;                    ;
; Top-level entity name                                                      ; Breakout_Top       ; Breakout_Top       ;
; Family name                                                                ; Cyclone II         ; Cyclone IV GX      ;
; Use smart compilation                                                      ; Off                ; Off                ;
; Enable parallel Assembler and TimeQuest Timing Analyzer during compilation ; On                 ; On                 ;
; Enable compact report table                                                ; Off                ; Off                ;
; Restructure Multiplexers                                                   ; Auto               ; Auto               ;
; Create Debugging Nodes for IP Cores                                        ; Off                ; Off                ;
; Preserve fewer node names                                                  ; On                 ; On                 ;
; Disable OpenCore Plus hardware evaluation                                  ; Off                ; Off                ;
; Verilog Version                                                            ; Verilog_2001       ; Verilog_2001       ;
; VHDL Version                                                               ; VHDL_1993          ; VHDL_1993          ;
; State Machine Processing                                                   ; Auto               ; Auto               ;
; Safe State Machine                                                         ; Off                ; Off                ;
; Extract Verilog State Machines                                             ; On                 ; On                 ;
; Extract VHDL State Machines                                                ; On                 ; On                 ;
; Ignore Verilog initial constructs                                          ; Off                ; Off                ;
; Iteration limit for constant Verilog loops                                 ; 5000               ; 5000               ;
; Iteration limit for non-constant Verilog loops                             ; 250                ; 250                ;
; Add Pass-Through Logic to Inferred RAMs                                    ; On                 ; On                 ;
; Infer RAMs from Raw Logic                                                  ; On                 ; On                 ;
; Parallel Synthesis                                                         ; On                 ; On                 ;
; DSP Block Balancing                                                        ; Auto               ; Auto               ;
; NOT Gate Push-Back                                                         ; On                 ; On                 ;
; Power-Up Don't Care                                                        ; On                 ; On                 ;
; Remove Redundant Logic Cells                                               ; Off                ; Off                ;
; Remove Duplicate Registers                                                 ; On                 ; On                 ;
; Ignore CARRY Buffers                                                       ; Off                ; Off                ;
; Ignore CASCADE Buffers                                                     ; Off                ; Off                ;
; Ignore GLOBAL Buffers                                                      ; Off                ; Off                ;
; Ignore ROW GLOBAL Buffers                                                  ; Off                ; Off                ;
; Ignore LCELL Buffers                                                       ; Off                ; Off                ;
; Ignore SOFT Buffers                                                        ; On                 ; On                 ;
; Limit AHDL Integers to 32 Bits                                             ; Off                ; Off                ;
; Optimization Technique                                                     ; Balanced           ; Balanced           ;
; Carry Chain Length                                                         ; 70                 ; 70                 ;
; Auto Carry Chains                                                          ; On                 ; On                 ;
; Auto Open-Drain Pins                                                       ; On                 ; On                 ;
; Perform WYSIWYG Primitive Resynthesis                                      ; Off                ; Off                ;
; Auto ROM Replacement                                                       ; On                 ; On                 ;
; Auto RAM Replacement                                                       ; On                 ; On                 ;
; Auto Shift Register Replacement                                            ; Auto               ; Auto               ;
; Allow Shift Register Merging across Hierarchies                            ; Auto               ; Auto               ;
; Auto Clock Enable Replacement                                              ; On                 ; On                 ;
; Strict RAM Replacement                                                     ; Off                ; Off                ;
; Allow Synchronous Control Signals                                          ; On                 ; On                 ;
; Force Use of Synchronous Clear Signals                                     ; Off                ; Off                ;
; Auto RAM to Logic Cell Conversion                                          ; Off                ; Off                ;
; Auto Resource Sharing                                                      ; Off                ; Off                ;
; Allow Any RAM Size For Recognition                                         ; Off                ; Off                ;
; Allow Any ROM Size For Recognition                                         ; Off                ; Off                ;
; Allow Any Shift Register Size For Recognition                              ; Off                ; Off                ;
; Use LogicLock Constraints during Resource Balancing                        ; On                 ; On                 ;
; Ignore translate_off and synthesis_off directives                          ; Off                ; Off                ;
; Timing-Driven Synthesis                                                    ; Off                ; Off                ;
; Report Parameter Settings                                                  ; On                 ; On                 ;
; Report Source Assignments                                                  ; On                 ; On                 ;
; Report Connectivity Checks                                                 ; On                 ; On                 ;
; Ignore Maximum Fan-Out Assignments                                         ; Off                ; Off                ;
; Synchronization Register Chain Length                                      ; 2                  ; 2                  ;
; PowerPlay Power Optimization                                               ; Normal compilation ; Normal compilation ;
; HDL message level                                                          ; Level2             ; Level2             ;
; Suppress Register Optimization Related Messages                            ; Off                ; Off                ;
; Number of Removed Registers Reported in Synthesis Report                   ; 5000               ; 5000               ;
; Number of Swept Nodes Reported in Synthesis Report                         ; 5000               ; 5000               ;
; Number of Inverted Registers Reported in Synthesis Report                  ; 100                ; 100                ;
; Clock MUX Protection                                                       ; On                 ; On                 ;
; Auto Gated Clock Conversion                                                ; Off                ; Off                ;
; Block Design Naming                                                        ; Auto               ; Auto               ;
; SDC constraint protection                                                  ; Off                ; Off                ;
; Synthesis Effort                                                           ; Auto               ; Auto               ;
; Shift Register Replacement - Allow Asynchronous Clear Signal               ; On                 ; On                 ;
; Pre-Mapping Resynthesis Optimization                                       ; Off                ; Off                ;
; Analysis & Synthesis Message Level                                         ; Medium             ; Medium             ;
; Disable Register Merging Across Hierarchies                                ; Auto               ; Auto               ;
; Resource Aware Inference For Block RAM                                     ; On                 ; On                 ;
; Synthesis Seed                                                             ; 1                  ; 1                  ;
+----------------------------------------------------------------------------+--------------------+--------------------+


Parallel compilation was disabled, but you have multiple processors available. Enable parallel compilation to reduce compilation time.
+-------------------------------------+
; Parallel Compilation                ;
+----------------------------+--------+
; Processors                 ; Number ;
+----------------------------+--------+
; Number detected on machine ; 8      ;
; Maximum allowed            ; 1      ;
+----------------------------+--------+


+--------------------------------------------------------------------------------------------------------------------------------------------------------------------------------+
; Analysis & Synthesis Source Files Read                                                                                                                                         ;
+----------------------------------+-----------------+------------------------------------+----------------------------------------------------------------------------+---------+
; File Name with User-Entered Path ; Used in Netlist ; File Type                          ; File Name with Absolute Path                                               ; Library ;
+----------------------------------+-----------------+------------------------------------+----------------------------------------------------------------------------+---------+
; Breakout_Top.bdf                 ; yes             ; User Block Diagram/Schematic File  ; C:/Users/FARIAS/Documents/2. Iago/Projeto_Breakout/Breakout_Top.bdf        ;         ;
; divisor.vhd                      ; yes             ; User VHDL File                     ; C:/Users/FARIAS/Documents/2. Iago/Projeto_Breakout/divisor.vhd             ;         ;
; VGA_Sync.vhd                     ; yes             ; User VHDL File                     ; C:/Users/FARIAS/Documents/2. Iago/Projeto_Breakout/VGA_Sync.vhd            ;         ;
; teclado.vhd                      ; yes             ; User VHDL File                     ; C:/Users/FARIAS/Documents/2. Iago/Projeto_Breakout/teclado.vhd             ;         ;
; Game_core.vhd                    ; yes             ; User VHDL File                     ; C:/Users/FARIAS/Documents/2. Iago/Projeto_Breakout/Game_core.vhd           ;         ;
; OLED_SPI_Controller.vhd          ; yes             ; User VHDL File                     ; C:/Users/FARIAS/Documents/2. Iago/Projeto_Breakout/OLED_SPI_Controller.vhd ;         ;
; Key_Decoder.vhd                  ; yes             ; User VHDL File                     ; C:/Users/FARIAS/Documents/2. Iago/Projeto_Breakout/Key_Decoder.vhd         ;         ;
; lpm_divide.tdf                   ; yes             ; Megafunction                       ; c:/altera/13.0sp1/quartus/libraries/megafunctions/lpm_divide.tdf           ;         ;
; abs_divider.inc                  ; yes             ; Megafunction                       ; c:/altera/13.0sp1/quartus/libraries/megafunctions/abs_divider.inc          ;         ;
; sign_div_unsign.inc              ; yes             ; Megafunction                       ; c:/altera/13.0sp1/quartus/libraries/megafunctions/sign_div_unsign.inc      ;         ;
; aglobal130.inc                   ; yes             ; Megafunction                       ; c:/altera/13.0sp1/quartus/libraries/megafunctions/aglobal130.inc           ;         ;
; db/lpm_divide_8so.tdf            ; yes             ; Auto-Generated Megafunction        ; C:/Users/FARIAS/Documents/2. Iago/Projeto_Breakout/db/lpm_divide_8so.tdf   ;         ;
; db/abs_divider_lbg.tdf           ; yes             ; Auto-Generated Megafunction        ; C:/Users/FARIAS/Documents/2. Iago/Projeto_Breakout/db/abs_divider_lbg.tdf  ;         ;
; db/alt_u_div_m2f.tdf             ; yes             ; Auto-Generated Megafunction        ; C:/Users/FARIAS/Documents/2. Iago/Projeto_Breakout/db/alt_u_div_m2f.tdf    ;         ;
; db/add_sub_lkc.tdf               ; yes             ; Auto-Generated Megafunction        ; C:/Users/FARIAS/Documents/2. Iago/Projeto_Breakout/db/add_sub_lkc.tdf      ;         ;
; db/add_sub_mkc.tdf               ; yes             ; Auto-Generated Megafunction        ; C:/Users/FARIAS/Documents/2. Iago/Projeto_Breakout/db/add_sub_mkc.tdf      ;         ;
; db/lpm_abs_hq9.tdf               ; yes             ; Auto-Generated Megafunction        ; C:/Users/FARIAS/Documents/2. Iago/Projeto_Breakout/db/lpm_abs_hq9.tdf      ;         ;
; db/lpm_abs_0s9.tdf               ; yes             ; Auto-Generated Megafunction        ; C:/Users/FARIAS/Documents/2. Iago/Projeto_Breakout/db/lpm_abs_0s9.tdf      ;         ;
; db/lpm_divide_qlo.tdf            ; yes             ; Auto-Generated Megafunction        ; C:/Users/FARIAS/Documents/2. Iago/Projeto_Breakout/db/lpm_divide_qlo.tdf   ;         ;
; db/abs_divider_4dg.tdf           ; yes             ; Auto-Generated Megafunction        ; C:/Users/FARIAS/Documents/2. Iago/Projeto_Breakout/db/abs_divider_4dg.tdf  ;         ;
; db/alt_u_div_k5f.tdf             ; yes             ; Auto-Generated Megafunction        ; C:/Users/FARIAS/Documents/2. Iago/Projeto_Breakout/db/alt_u_div_k5f.tdf    ;         ;
+----------------------------------+-----------------+------------------------------------+----------------------------------------------------------------------------+---------+


+-----------------------------------------------------+
; Analysis & Synthesis Resource Usage Summary         ;
+---------------------------------------------+-------+
; Resource                                    ; Usage ;
+---------------------------------------------+-------+
; Estimated Total logic elements              ; 2,221 ;
;                                             ;       ;
; Total combinational functions               ; 2194  ;
; Logic element usage by number of LUT inputs ;       ;
;     -- 4 input functions                    ; 636   ;
;     -- 3 input functions                    ; 732   ;
;     -- <=2 input functions                  ; 826   ;
;                                             ;       ;
; Logic elements by mode                      ;       ;
;     -- normal mode                          ; 1291  ;
;     -- arithmetic mode                      ; 903   ;
;                                             ;       ;
; Total registers                             ; 262   ;
;     -- Dedicated logic registers            ; 262   ;
;     -- I/O registers                        ; 0     ;
;                                             ;       ;
; I/O pins                                    ; 23    ;
; Embedded Multiplier 9-bit elements          ; 0     ;
; Maximum fan-out node                        ; RESET ;
; Maximum fan-out                             ; 215   ;
; Total fan-out                               ; 7220  ;
; Average fan-out                             ; 2.91  ;
+---------------------------------------------+-------+


+--------------------------------------------------------------------------------------------------------------------------------------------------------------------------------------------------------------------------------------------------------------------------------------------------+
; Analysis & Synthesis Resource Utilization by Entity                                                                                                                                                                                                                                              ;
+------------------------------------------+-------------------+--------------+-------------+--------------+---------+-----------+------+--------------+----------------------------------------------------------------------------------------------------------------------------+--------------+
; Compilation Hierarchy Node               ; LC Combinationals ; LC Registers ; Memory Bits ; DSP Elements ; DSP 9x9 ; DSP 18x18 ; Pins ; Virtual Pins ; Full Hierarchy Name                                                                                                        ; Library Name ;
+------------------------------------------+-------------------+--------------+-------------+--------------+---------+-----------+------+--------------+----------------------------------------------------------------------------------------------------------------------------+--------------+
; |Breakout_Top                            ; 2194 (1)          ; 262 (0)      ; 0           ; 0            ; 0       ; 0         ; 23   ; 0            ; |Breakout_Top                                                                                                              ; work         ;
;    |Game_Core:inst4|                     ; 2043 (814)        ; 184 (184)    ; 0           ; 0            ; 0       ; 0         ; 0    ; 0            ; |Breakout_Top|Game_Core:inst4                                                                                              ; work         ;
;       |lpm_divide:Div0|                  ; 456 (0)           ; 0 (0)        ; 0           ; 0            ; 0       ; 0         ; 0    ; 0            ; |Breakout_Top|Game_Core:inst4|lpm_divide:Div0                                                                              ; work         ;
;          |lpm_divide_8so:auto_generated| ; 456 (0)           ; 0 (0)        ; 0           ; 0            ; 0       ; 0         ; 0    ; 0            ; |Breakout_Top|Game_Core:inst4|lpm_divide:Div0|lpm_divide_8so:auto_generated                                                ; work         ;
;             |abs_divider_lbg:divider|    ; 456 (33)          ; 0 (0)        ; 0           ; 0            ; 0       ; 0         ; 0    ; 0            ; |Breakout_Top|Game_Core:inst4|lpm_divide:Div0|lpm_divide_8so:auto_generated|abs_divider_lbg:divider                        ; work         ;
;                |alt_u_div_m2f:divider|   ; 420 (420)         ; 0 (0)        ; 0           ; 0            ; 0       ; 0         ; 0    ; 0            ; |Breakout_Top|Game_Core:inst4|lpm_divide:Div0|lpm_divide_8so:auto_generated|abs_divider_lbg:divider|alt_u_div_m2f:divider  ; work         ;
;                |lpm_abs_0s9:my_abs_num|  ; 3 (3)             ; 0 (0)        ; 0           ; 0            ; 0       ; 0         ; 0    ; 0            ; |Breakout_Top|Game_Core:inst4|lpm_divide:Div0|lpm_divide_8so:auto_generated|abs_divider_lbg:divider|lpm_abs_0s9:my_abs_num ; work         ;
;       |lpm_divide:Div1|                  ; 130 (0)           ; 0 (0)        ; 0           ; 0            ; 0       ; 0         ; 0    ; 0            ; |Breakout_Top|Game_Core:inst4|lpm_divide:Div1                                                                              ; work         ;
;          |lpm_divide_8so:auto_generated| ; 130 (0)           ; 0 (0)        ; 0           ; 0            ; 0       ; 0         ; 0    ; 0            ; |Breakout_Top|Game_Core:inst4|lpm_divide:Div1|lpm_divide_8so:auto_generated                                                ; work         ;
;             |abs_divider_lbg:divider|    ; 130 (14)          ; 0 (0)        ; 0           ; 0            ; 0       ; 0         ; 0    ; 0            ; |Breakout_Top|Game_Core:inst4|lpm_divide:Div1|lpm_divide_8so:auto_generated|abs_divider_lbg:divider                        ; work         ;
;                |alt_u_div_m2f:divider|   ; 116 (116)         ; 0 (0)        ; 0           ; 0            ; 0       ; 0         ; 0    ; 0            ; |Breakout_Top|Game_Core:inst4|lpm_divide:Div1|lpm_divide_8so:auto_generated|abs_divider_lbg:divider|alt_u_div_m2f:divider  ; work         ;
;       |lpm_divide:Mod0|                  ; 643 (0)           ; 0 (0)        ; 0           ; 0            ; 0       ; 0         ; 0    ; 0            ; |Breakout_Top|Game_Core:inst4|lpm_divide:Mod0                                                                              ; work         ;
;          |lpm_divide_qlo:auto_generated| ; 643 (0)           ; 0 (0)        ; 0           ; 0            ; 0       ; 0         ; 0    ; 0            ; |Breakout_Top|Game_Core:inst4|lpm_divide:Mod0|lpm_divide_qlo:auto_generated                                                ; work         ;
;             |abs_divider_4dg:divider|    ; 643 (62)          ; 0 (0)        ; 0           ; 0            ; 0       ; 0         ; 0    ; 0            ; |Breakout_Top|Game_Core:inst4|lpm_divide:Mod0|lpm_divide_qlo:auto_generated|abs_divider_4dg:divider                        ; work         ;
;                |alt_u_div_k5f:divider|   ; 571 (571)         ; 0 (0)        ; 0           ; 0            ; 0       ; 0         ; 0    ; 0            ; |Breakout_Top|Game_Core:inst4|lpm_divide:Mod0|lpm_divide_qlo:auto_generated|abs_divider_4dg:divider|alt_u_div_k5f:divider  ; work         ;
;                |lpm_abs_0s9:my_abs_num|  ; 10 (10)           ; 0 (0)        ; 0           ; 0            ; 0       ; 0         ; 0    ; 0            ; |Breakout_Top|Game_Core:inst4|lpm_divide:Mod0|lpm_divide_qlo:auto_generated|abs_divider_4dg:divider|lpm_abs_0s9:my_abs_num ; work         ;
;    |Key_Decoder:inst|                    ; 11 (11)           ; 2 (2)        ; 0           ; 0            ; 0       ; 0         ; 0    ; 0            ; |Breakout_Top|Key_Decoder:inst                                                                                             ; work         ;
;    |OLED_SPI_Controller:inst3|           ; 42 (42)           ; 23 (23)      ; 0           ; 0            ; 0       ; 0         ; 0    ; 0            ; |Breakout_Top|OLED_SPI_Controller:inst3                                                                                    ; work         ;
;    |VGA_Sync:inst1|                      ; 68 (68)           ; 23 (23)      ; 0           ; 0            ; 0       ; 0         ; 0    ; 0            ; |Breakout_Top|VGA_Sync:inst1                                                                                               ; work         ;
;    |divisor:inst0|                       ; 1 (1)             ; 1 (1)        ; 0           ; 0            ; 0       ; 0         ; 0    ; 0            ; |Breakout_Top|divisor:inst0                                                                                                ; work         ;
;    |teclado:inst2|                       ; 28 (28)           ; 29 (29)      ; 0           ; 0            ; 0       ; 0         ; 0    ; 0            ; |Breakout_Top|teclado:inst2                                                                                                ; work         ;
+------------------------------------------+-------------------+--------------+-------------+--------------+---------+-----------+------+--------------+----------------------------------------------------------------------------------------------------------------------------+--------------+
Note: For table entries with two numbers listed, the numbers in parentheses indicate the number of resources of the given type used by the specific entity alone. The numbers listed outside of parentheses indicate the total resources of the given type used by the specific entity and all of its sub-entities in the hierarchy.


Encoding Type:  One-Hot
+-----------------------------------------------------------------+
; State Machine - |Breakout_Top|OLED_SPI_Controller:inst3|state   ;
+-----------------+-----------------+----------------+------------+
; Name            ; state.WaitState ; state.SendByte ; state.Idle ;
+-----------------+-----------------+----------------+------------+
; state.Idle      ; 0               ; 0              ; 0          ;
; state.SendByte  ; 0               ; 1              ; 1          ;
; state.WaitState ; 1               ; 0              ; 1          ;
+-----------------+-----------------+----------------+------------+


+---------------------------------------------------------------------------------------------------+
; Registers Removed During Synthesis                                                                ;
+-------------------------------------------+-------------------------------------------------------+
; Register name                             ; Reason for Removal                                    ;
+-------------------------------------------+-------------------------------------------------------+
; OLED_SPI_Controller:inst3|current_byte[6] ; Stuck at GND due to stuck port data_in                ;
; OLED_SPI_Controller:inst3|dc_flag         ; Stuck at GND due to stuck port data_in                ;
; OLED_SPI_Controller:inst3|oled_dc         ; Stuck at GND due to stuck port data_in                ;
; OLED_SPI_Controller:inst3|current_byte[7] ; Merged with OLED_SPI_Controller:inst3|current_byte[3] ;
; Game_Core:inst4|ball_dx[0]                ; Stuck at GND due to stuck port data_in                ;
; Game_Core:inst4|ball_x[0]                 ; Stuck at GND due to stuck port data_in                ;
; Game_Core:inst4|ball_dx[1]                ; Stuck at GND due to stuck port data_in                ;
; Game_Core:inst4|ball_x[1]                 ; Stuck at GND due to stuck port data_in                ;
; Game_Core:inst4|ball_dx[2]                ; Stuck at VCC due to stuck port data_in                ;
; Game_Core:inst4|ball_dx[4..31]            ; Merged with Game_Core:inst4|ball_dx[3]                ;
; Game_Core:inst4|ball_dy[0]                ; Stuck at GND due to stuck port data_in                ;
; Game_Core:inst4|ball_y[0]                 ; Stuck at GND due to stuck port data_in                ;
; Game_Core:inst4|ball_dy[1]                ; Stuck at GND due to stuck port data_in                ;
; Game_Core:inst4|ball_y[1]                 ; Stuck at GND due to stuck port data_in                ;
; Total Number of Removed Registers = 41    ;                                                       ;
+-------------------------------------------+-------------------------------------------------------+


+--------------------------------------------------------------------------------------------------------+
; Removed Registers Triggering Further Register Optimizations                                            ;
+-----------------------------------+---------------------------+----------------------------------------+
; Register name                     ; Reason for Removal        ; Registers Removed due to This Register ;
+-----------------------------------+---------------------------+----------------------------------------+
; OLED_SPI_Controller:inst3|dc_flag ; Stuck at GND              ; OLED_SPI_Controller:inst3|oled_dc      ;
;                                   ; due to stuck port data_in ;                                        ;
; Game_Core:inst4|ball_dx[2]        ; Stuck at VCC              ; Game_Core:inst4|ball_dy[1]             ;
;                                   ; due to stuck port data_in ;                                        ;
+-----------------------------------+---------------------------+----------------------------------------+


+------------------------------------------------------+
; General Register Statistics                          ;
+----------------------------------------------+-------+
; Statistic                                    ; Value ;
+----------------------------------------------+-------+
; Total registers                              ; 262   ;
; Number of registers using Synchronous Clear  ; 0     ;
; Number of registers using Synchronous Load   ; 30    ;
; Number of registers using Asynchronous Clear ; 205   ;
; Number of registers using Asynchronous Load  ; 0     ;
; Number of registers using Clock Enable       ; 162   ;
; Number of registers using Preset             ; 0     ;
+----------------------------------------------+-------+


+---------------------------------------------------+
; Inverted Register Statistics                      ;
+-----------------------------------------+---------+
; Inverted Register                       ; Fan out ;
+-----------------------------------------+---------+
; Game_Core:inst4|paddle_x[8]             ; 5       ;
; Game_Core:inst4|paddle_x[4]             ; 8       ;
; Game_Core:inst4|paddle_x[3]             ; 6       ;
; Game_Core:inst4|ball_dy[9]              ; 2       ;
; Game_Core:inst4|ball_dy[8]              ; 2       ;
; Game_Core:inst4|ball_dy[7]              ; 2       ;
; Game_Core:inst4|ball_dy[6]              ; 2       ;
; Game_Core:inst4|ball_dy[5]              ; 2       ;
; Game_Core:inst4|ball_dy[4]              ; 2       ;
; Game_Core:inst4|ball_dy[3]              ; 2       ;
; Game_Core:inst4|ball_dy[2]              ; 2       ;
; Game_Core:inst4|ball_dy[10]             ; 2       ;
; Game_Core:inst4|ball_dy[11]             ; 2       ;
; Game_Core:inst4|ball_dy[12]             ; 2       ;
; Game_Core:inst4|ball_dy[13]             ; 2       ;
; Game_Core:inst4|ball_dy[14]             ; 2       ;
; Game_Core:inst4|ball_dy[15]             ; 2       ;
; Game_Core:inst4|ball_dy[16]             ; 2       ;
; Game_Core:inst4|ball_dy[17]             ; 2       ;
; Game_Core:inst4|ball_dy[18]             ; 2       ;
; Game_Core:inst4|ball_dy[19]             ; 2       ;
; Game_Core:inst4|ball_dy[20]             ; 2       ;
; Game_Core:inst4|ball_dy[21]             ; 2       ;
; Game_Core:inst4|ball_dy[22]             ; 2       ;
; Game_Core:inst4|ball_dy[23]             ; 2       ;
; Game_Core:inst4|ball_dy[24]             ; 2       ;
; Game_Core:inst4|ball_dy[25]             ; 2       ;
; Game_Core:inst4|ball_dy[26]             ; 2       ;
; Game_Core:inst4|ball_dy[27]             ; 2       ;
; Game_Core:inst4|ball_dy[28]             ; 2       ;
; Game_Core:inst4|ball_dy[29]             ; 2       ;
; Game_Core:inst4|ball_dy[30]             ; 2       ;
; Game_Core:inst4|ball_dy[31]             ; 2       ;
; OLED_SPI_Controller:inst3|oled_sclk     ; 2       ;
; OLED_SPI_Controller:inst3|bit_index[2]  ; 7       ;
; OLED_SPI_Controller:inst3|bit_index[0]  ; 7       ;
; OLED_SPI_Controller:inst3|bit_index[1]  ; 6       ;
; Game_Core:inst4|ball_y[8]               ; 5       ;
; Game_Core:inst4|ball_y[7]               ; 4       ;
; Game_Core:inst4|ball_y[4]               ; 4       ;
; Game_Core:inst4|ball_x[8]               ; 3       ;
; Game_Core:inst4|ball_x[6]               ; 3       ;
; Game_Core:inst4|blocks[4][5]            ; 3       ;
; Game_Core:inst4|blocks[4][6]            ; 3       ;
; Game_Core:inst4|blocks[4][4]            ; 3       ;
; Game_Core:inst4|blocks[4][7]            ; 3       ;
; Game_Core:inst4|blocks[4][2]            ; 3       ;
; Game_Core:inst4|blocks[4][1]            ; 3       ;
; Game_Core:inst4|blocks[4][0]            ; 3       ;
; Game_Core:inst4|blocks[4][3]            ; 3       ;
; Game_Core:inst4|blocks[1][5]            ; 3       ;
; Game_Core:inst4|blocks[1][6]            ; 3       ;
; Game_Core:inst4|blocks[1][4]            ; 3       ;
; Game_Core:inst4|blocks[1][7]            ; 3       ;
; Game_Core:inst4|blocks[2][5]            ; 3       ;
; Game_Core:inst4|blocks[2][6]            ; 3       ;
; Game_Core:inst4|blocks[2][4]            ; 3       ;
; Game_Core:inst4|blocks[2][7]            ; 3       ;
; Game_Core:inst4|blocks[0][5]            ; 3       ;
; Game_Core:inst4|blocks[0][6]            ; 3       ;
; Game_Core:inst4|blocks[0][4]            ; 3       ;
; Game_Core:inst4|blocks[0][7]            ; 3       ;
; Game_Core:inst4|blocks[3][5]            ; 3       ;
; Game_Core:inst4|blocks[3][6]            ; 3       ;
; Game_Core:inst4|blocks[3][4]            ; 3       ;
; Game_Core:inst4|blocks[3][7]            ; 3       ;
; Game_Core:inst4|blocks[2][2]            ; 3       ;
; Game_Core:inst4|blocks[2][1]            ; 3       ;
; Game_Core:inst4|blocks[2][0]            ; 3       ;
; Game_Core:inst4|blocks[2][3]            ; 3       ;
; Game_Core:inst4|blocks[1][2]            ; 3       ;
; Game_Core:inst4|blocks[1][1]            ; 3       ;
; Game_Core:inst4|blocks[1][0]            ; 3       ;
; Game_Core:inst4|blocks[1][3]            ; 3       ;
; Game_Core:inst4|blocks[0][2]            ; 3       ;
; Game_Core:inst4|blocks[0][1]            ; 3       ;
; Game_Core:inst4|blocks[0][0]            ; 3       ;
; Game_Core:inst4|blocks[0][3]            ; 3       ;
; Game_Core:inst4|blocks[3][2]            ; 3       ;
; Game_Core:inst4|blocks[3][1]            ; 3       ;
; Game_Core:inst4|blocks[3][0]            ; 3       ;
; Game_Core:inst4|blocks[3][3]            ; 3       ;
; Game_Core:inst4|blocks[2][8]            ; 3       ;
; Game_Core:inst4|blocks[2][9]            ; 3       ;
; Game_Core:inst4|blocks[1][8]            ; 3       ;
; Game_Core:inst4|blocks[1][9]            ; 3       ;
; Game_Core:inst4|blocks[0][8]            ; 3       ;
; Game_Core:inst4|blocks[0][9]            ; 3       ;
; Game_Core:inst4|blocks[3][8]            ; 3       ;
; Game_Core:inst4|blocks[3][9]            ; 3       ;
; Game_Core:inst4|blocks[4][8]            ; 3       ;
; Game_Core:inst4|blocks[4][9]            ; 3       ;
; Total number of inverted registers = 92 ;         ;
+-----------------------------------------+---------+


+--------------------------------------------------------------------------------------------------------------------------------------------------------------------+
; Multiplexer Restructuring Statistics (Restructuring Performed)                                                                                                     ;
+--------------------+-----------+---------------+----------------------+------------------------+------------+------------------------------------------------------+
; Multiplexer Inputs ; Bus Width ; Baseline Area ; Area if Restructured ; Saving if Restructured ; Registered ; Example Multiplexer Output                           ;
+--------------------+-----------+---------------+----------------------+------------------------+------------+------------------------------------------------------+
; 3:1                ; 26 bits   ; 52 LEs        ; 0 LEs                ; 52 LEs                 ; Yes        ; |Breakout_Top|Game_Core:inst4|paddle_x[5]            ;
; 4:1                ; 2 bits    ; 4 LEs         ; 2 LEs                ; 2 LEs                  ; Yes        ; |Breakout_Top|Game_Core:inst4|ball_dy[0]             ;
; 5:1                ; 2 bits    ; 6 LEs         ; 4 LEs                ; 2 LEs                  ; Yes        ; |Breakout_Top|teclado:inst2|contador[1]              ;
; 3:1                ; 3 bits    ; 6 LEs         ; 0 LEs                ; 6 LEs                  ; Yes        ; |Breakout_Top|Game_Core:inst4|paddle_x[3]            ;
; 5:1                ; 3 bits    ; 9 LEs         ; 3 LEs                ; 6 LEs                  ; Yes        ; |Breakout_Top|OLED_SPI_Controller:inst3|bit_index[2] ;
; 4:1                ; 30 bits   ; 60 LEs        ; 30 LEs               ; 30 LEs                 ; Yes        ; |Breakout_Top|Game_Core:inst4|ball_dy[13]            ;
; 7:1                ; 2 bits    ; 8 LEs         ; 4 LEs                ; 4 LEs                  ; No         ; |Breakout_Top|Game_Core:inst4|vga_R                  ;
+--------------------+-----------+---------------+----------------------+------------------------+------------+------------------------------------------------------+


+-------------------------------------------------------------+
; Parameter Settings for User Entity Instance: VGA_Sync:inst1 ;
+----------------+-------+------------------------------------+
; Parameter Name ; Value ; Type                               ;
+----------------+-------+------------------------------------+
; h_total        ; 800   ; Signed Integer                     ;
; v_total        ; 525   ; Signed Integer                     ;
; h_retrace      ; 96    ; Signed Integer                     ;
; v_retrace      ; 2     ; Signed Integer                     ;
; h_backporch    ; 48    ; Signed Integer                     ;
; v_topborder    ; 33    ; Signed Integer                     ;
+----------------+-------+------------------------------------+
Note: In order to hide this table in the UI and the text report file, please set the "Show Parameter Settings in Synthesis Report" option in "Analysis and Synthesis Settings -> More Settings" to "Off".


+----------------------------------------------------------------------------------+
; Parameter Settings for Inferred Entity Instance: Game_Core:inst4|lpm_divide:Div1 ;
+------------------------+----------------+----------------------------------------+
; Parameter Name         ; Value          ; Type                                   ;
+------------------------+----------------+----------------------------------------+
; LPM_WIDTHN             ; 32             ; Untyped                                ;
; LPM_WIDTHD             ; 6              ; Untyped                                ;
; LPM_NREPRESENTATION    ; SIGNED         ; Untyped                                ;
; LPM_DREPRESENTATION    ; SIGNED         ; Untyped                                ;
; LPM_PIPELINE           ; 0              ; Untyped                                ;
; LPM_REMAINDERPOSITIVE  ; FALSE          ; Untyped                                ;
; MAXIMIZE_SPEED         ; 5              ; Untyped                                ;
; CBXI_PARAMETER         ; lpm_divide_8so ; Untyped                                ;
; CARRY_CHAIN            ; MANUAL         ; Untyped                                ;
; OPTIMIZE_FOR_SPEED     ; 5              ; Untyped                                ;
; AUTO_CARRY_CHAINS      ; ON             ; AUTO_CARRY                             ;
; IGNORE_CARRY_BUFFERS   ; OFF            ; IGNORE_CARRY                           ;
; AUTO_CASCADE_CHAINS    ; ON             ; AUTO_CASCADE                           ;
; IGNORE_CASCADE_BUFFERS ; OFF            ; IGNORE_CASCADE                         ;
+------------------------+----------------+----------------------------------------+
Note: In order to hide this table in the UI and the text report file, please set the "Show Parameter Settings in Synthesis Report" option in "Analysis and Synthesis Settings -> More Settings" to "Off".


+----------------------------------------------------------------------------------+
; Parameter Settings for Inferred Entity Instance: Game_Core:inst4|lpm_divide:Mod0 ;
+------------------------+----------------+----------------------------------------+
; Parameter Name         ; Value          ; Type                                   ;
+------------------------+----------------+----------------------------------------+
; LPM_WIDTHN             ; 32             ; Untyped                                ;
; LPM_WIDTHD             ; 32             ; Untyped                                ;
; LPM_NREPRESENTATION    ; SIGNED         ; Untyped                                ;
; LPM_DREPRESENTATION    ; SIGNED         ; Untyped                                ;
; LPM_PIPELINE           ; 0              ; Untyped                                ;
; LPM_REMAINDERPOSITIVE  ; FALSE          ; Untyped                                ;
; MAXIMIZE_SPEED         ; 5              ; Untyped                                ;
; CBXI_PARAMETER         ; lpm_divide_qlo ; Untyped                                ;
; CARRY_CHAIN            ; MANUAL         ; Untyped                                ;
; OPTIMIZE_FOR_SPEED     ; 5              ; Untyped                                ;
; AUTO_CARRY_CHAINS      ; ON             ; AUTO_CARRY                             ;
; IGNORE_CARRY_BUFFERS   ; OFF            ; IGNORE_CARRY                           ;
; AUTO_CASCADE_CHAINS    ; ON             ; AUTO_CASCADE                           ;
; IGNORE_CASCADE_BUFFERS ; OFF            ; IGNORE_CASCADE                         ;
+------------------------+----------------+----------------------------------------+
Note: In order to hide this table in the UI and the text report file, please set the "Show Parameter Settings in Synthesis Report" option in "Analysis and Synthesis Settings -> More Settings" to "Off".


+----------------------------------------------------------------------------------+
; Parameter Settings for Inferred Entity Instance: Game_Core:inst4|lpm_divide:Div0 ;
+------------------------+----------------+----------------------------------------+
; Parameter Name         ; Value          ; Type                                   ;
+------------------------+----------------+----------------------------------------+
; LPM_WIDTHN             ; 32             ; Untyped                                ;
; LPM_WIDTHD             ; 6              ; Untyped                                ;
; LPM_NREPRESENTATION    ; SIGNED         ; Untyped                                ;
; LPM_DREPRESENTATION    ; SIGNED         ; Untyped                                ;
; LPM_PIPELINE           ; 0              ; Untyped                                ;
; LPM_REMAINDERPOSITIVE  ; FALSE          ; Untyped                                ;
; MAXIMIZE_SPEED         ; 5              ; Untyped                                ;
; CBXI_PARAMETER         ; lpm_divide_8so ; Untyped                                ;
; CARRY_CHAIN            ; MANUAL         ; Untyped                                ;
; OPTIMIZE_FOR_SPEED     ; 5              ; Untyped                                ;
; AUTO_CARRY_CHAINS      ; ON             ; AUTO_CARRY                             ;
; IGNORE_CARRY_BUFFERS   ; OFF            ; IGNORE_CARRY                           ;
; AUTO_CASCADE_CHAINS    ; ON             ; AUTO_CASCADE                           ;
; IGNORE_CASCADE_BUFFERS ; OFF            ; IGNORE_CASCADE                         ;
+------------------------+----------------+----------------------------------------+
Note: In order to hide this table in the UI and the text report file, please set the "Show Parameter Settings in Synthesis Report" option in "Analysis and Synthesis Settings -> More Settings" to "Off".


+-------------------------------+
; Elapsed Time Per Partition    ;
+----------------+--------------+
; Partition Name ; Elapsed Time ;
+----------------+--------------+
; Top            ; 00:00:04     ;
+----------------+--------------+


+-------------------------------+
; Analysis & Synthesis Messages ;
+-------------------------------+
Info: *******************************************************************
Info: Running Quartus II 64-Bit Analysis & Synthesis
    Info: Version 13.0.1 Build 232 06/12/2013 Service Pack 1 SJ Web Edition
    Info: Processing started: Mon Jan 19 04:21:19 2026
Info: Command: quartus_map --read_settings_files=on --write_settings_files=off Breakout_Top -c Breakout_Top
Warning (20028): Parallel compilation is not licensed and has been disabled
Info (12021): Found 1 design units, including 1 entities, in source file breakout_top.bdf
    Info (12023): Found entity 1: Breakout_Top
Info (12021): Found 2 design units, including 1 entities, in source file divisor.vhd
    Info (12022): Found design unit 1: divisor-rtl
    Info (12023): Found entity 1: divisor
Info (12021): Found 2 design units, including 1 entities, in source file vga_sync.vhd
    Info (12022): Found design unit 1: VGA_Sync-rtl
    Info (12023): Found entity 1: VGA_Sync
Info (12021): Found 2 design units, including 1 entities, in source file teclado.vhd
    Info (12022): Found design unit 1: teclado-hardware
    Info (12023): Found entity 1: teclado
Info (12021): Found 2 design units, including 1 entities, in source file game_core.vhd
    Info (12022): Found design unit 1: Game_Core-rtl
    Info (12023): Found entity 1: Game_Core
Info (12021): Found 2 design units, including 1 entities, in source file oled_spi_controller.vhd
    Info (12022): Found design unit 1: OLED_SPI_Controller-behavioral
    Info (12023): Found entity 1: OLED_SPI_Controller
Info (12021): Found 2 design units, including 1 entities, in source file key_decoder.vhd
    Info (12022): Found design unit 1: Key_Decoder-logic
    Info (12023): Found entity 1: Key_Decoder
Info (12127): Elaborating entity "Breakout_Top" for the top level hierarchy
Warning (275012): Pin "VGA_G[3..0]" overlaps another pin, block, or symbol
Info (12128): Elaborating entity "VGA_Sync" for hierarchy "VGA_Sync:inst1"
Info (12128): Elaborating entity "divisor" for hierarchy "divisor:inst0"
Info (12128): Elaborating entity "OLED_SPI_Controller" for hierarchy "OLED_SPI_Controller:inst3"
Info (12128): Elaborating entity "Game_Core" for hierarchy "Game_Core:inst4"
Warning (10631): VHDL Process Statement warning at Game_core.vhd(59): inferring latch(es) for signal or variable "paddle_x", which holds its previous value in one or more paths through the process
Info (10041): Inferred latch for "paddle_x[0]" at Game_core.vhd(59)
Info (10041): Inferred latch for "paddle_x[1]" at Game_core.vhd(59)
Info (10041): Inferred latch for "paddle_x[2]" at Game_core.vhd(59)
Info (12128): Elaborating entity "Key_Decoder" for hierarchy "Key_Decoder:inst"
Info (12128): Elaborating entity "teclado" for hierarchy "teclado:inst2"
Warning (10036): Verilog HDL or VHDL warning at teclado.vhd(19): object "prefixo_E0" assigned a value but never read
Info (278001): Inferred 3 megafunctions from design logic
    Info (278004): Inferred divider/modulo megafunction ("lpm_divide") from the following logic: "Game_Core:inst4|Div1"
    Info (278004): Inferred divider/modulo megafunction ("lpm_divide") from the following logic: "Game_Core:inst4|Mod0"
    Info (278004): Inferred divider/modulo megafunction ("lpm_divide") from the following logic: "Game_Core:inst4|Div0"
Info (12130): Elaborated megafunction instantiation "Game_Core:inst4|lpm_divide:Div1"
Info (12133): Instantiated megafunction "Game_Core:inst4|lpm_divide:Div1" with the following parameter:
    Info (12134): Parameter "LPM_WIDTHN" = "32"
    Info (12134): Parameter "LPM_WIDTHD" = "6"
    Info (12134): Parameter "LPM_NREPRESENTATION" = "SIGNED"
    Info (12134): Parameter "LPM_DREPRESENTATION" = "SIGNED"
    Info (12134): Parameter "LPM_HINT" = "LPM_REMAINDERPOSITIVE=FALSE"
Info (12021): Found 1 design units, including 1 entities, in source file db/lpm_divide_8so.tdf
    Info (12023): Found entity 1: lpm_divide_8so
Info (12021): Found 1 design units, including 1 entities, in source file db/abs_divider_lbg.tdf
    Info (12023): Found entity 1: abs_divider_lbg
Info (12021): Found 1 design units, including 1 entities, in source file db/alt_u_div_m2f.tdf
    Info (12023): Found entity 1: alt_u_div_m2f
Info (12021): Found 1 design units, including 1 entities, in source file db/add_sub_lkc.tdf
    Info (12023): Found entity 1: add_sub_lkc
Info (12021): Found 1 design units, including 1 entities, in source file db/add_sub_mkc.tdf
    Info (12023): Found entity 1: add_sub_mkc
Info (12021): Found 1 design units, including 1 entities, in source file db/lpm_abs_hq9.tdf
    Info (12023): Found entity 1: lpm_abs_hq9
Info (12021): Found 1 design units, including 1 entities, in source file db/lpm_abs_0s9.tdf
    Info (12023): Found entity 1: lpm_abs_0s9
Info (12130): Elaborated megafunction instantiation "Game_Core:inst4|lpm_divide:Mod0"
Info (12133): Instantiated megafunction "Game_Core:inst4|lpm_divide:Mod0" with the following parameter:
    Info (12134): Parameter "LPM_WIDTHN" = "32"
    Info (12134): Parameter "LPM_WIDTHD" = "32"
    Info (12134): Parameter "LPM_NREPRESENTATION" = "SIGNED"
    Info (12134): Parameter "LPM_DREPRESENTATION" = "SIGNED"
    Info (12134): Parameter "LPM_HINT" = "LPM_REMAINDERPOSITIVE=FALSE"
Info (12021): Found 1 design units, including 1 entities, in source file db/lpm_divide_qlo.tdf
    Info (12023): Found entity 1: lpm_divide_qlo
Info (12021): Found 1 design units, including 1 entities, in source file db/abs_divider_4dg.tdf
    Info (12023): Found entity 1: abs_divider_4dg
Info (12021): Found 1 design units, including 1 entities, in source file db/alt_u_div_k5f.tdf
    Info (12023): Found entity 1: alt_u_div_k5f
Info (12130): Elaborated megafunction instantiation "Game_Core:inst4|lpm_divide:Div0"
Info (12133): Instantiated megafunction "Game_Core:inst4|lpm_divide:Div0" with the following parameter:
    Info (12134): Parameter "LPM_WIDTHN" = "32"
    Info (12134): Parameter "LPM_WIDTHD" = "6"
    Info (12134): Parameter "LPM_NREPRESENTATION" = "SIGNED"
    Info (12134): Parameter "LPM_DREPRESENTATION" = "SIGNED"
    Info (12134): Parameter "LPM_HINT" = "LPM_REMAINDERPOSITIVE=FALSE"
Info (13014): Ignored 49 buffer(s)
    Info (13016): Ignored 49 CARRY_SUM buffer(s)
Info (13000): Registers with preset signals will power-up high
Info (13003): DEV_CLRn pin will set, and not reset, register with preset signal due to NOT Gate Push-Back
Warning (13024): Output pins are stuck at VCC or GND
    Warning (13410): Pin "cs" is stuck at GND
    Warning (13410): Pin "oled_dc" is stuck at GND
Info (17016): Found the following redundant logic cells in design
    Info (17048): Logic cell "Game_Core:inst4|lpm_divide:Mod0|lpm_divide_qlo:auto_generated|abs_divider_4dg:divider|alt_u_div_k5f:divider|add_sub_25_result_int[1]~50"
    Info (17048): Logic cell "Game_Core:inst4|lpm_divide:Div1|lpm_divide_8so:auto_generated|abs_divider_lbg:divider|alt_u_div_m2f:divider|add_sub_25_result_int[1]~12"
Info (16010): Generating hard_block partition "hard_block:auto_generated_inst"
    Info (16011): Adding 0 node(s), including 0 DDIO, 0 PLL, 0 transceiver and 0 LCELL
Info (21057): Implemented 2306 device resources after synthesis - the final resource count might be different
    Info (21058): Implemented 4 input pins
    Info (21059): Implemented 19 output pins
    Info (21061): Implemented 2283 logic cells
Info: Quartus II 64-Bit Analysis & Synthesis was successful. 0 errors, 7 warnings
    Info: Peak virtual memory: 4686 megabytes
    Info: Processing ended: Mon Jan 19 04:21:26 2026
    Info: Elapsed time: 00:00:07
    Info: Total CPU time (on all processors): 00:00:06


